Flow report for DE10_Standard
Mon May 31 08:08:38 2021
Quartus Prime Version 18.1.0 Build 625 09/12/2018 SJ Standard Edition


---------------------
; Table of Contents ;
---------------------
  1. Legal Notice
  2. Flow Summary
  3. Flow Settings
  4. Flow Non-Default Global Settings
  5. Flow Elapsed Time
  6. Flow OS Summary
  7. Flow Log
  8. Flow Messages
  9. Flow Suppressed Messages



----------------
; Legal Notice ;
----------------
Copyright (C) 2018  Intel Corporation. All rights reserved.
Your use of Intel Corporation's design tools, logic functions 
and other software and tools, and its AMPP partner logic 
functions, and any output files from any of the foregoing 
(including device programming or simulation files), and any 
associated documentation or information are expressly subject 
to the terms and conditions of the Intel Program License 
Subscription Agreement, the Intel Quartus Prime License Agreement,
the Intel FPGA IP License Agreement, or other applicable license
agreement, including, without limitation, that your use is for
the sole purpose of programming logic devices manufactured by
Intel and sold by Intel or its authorized distributors.  Please
refer to the applicable agreement for further details.



+-----------------------------------------------------------------------------------+
; Flow Summary                                                                      ;
+---------------------------------+-------------------------------------------------+
; Flow Status                     ; Successful - Mon May 31 08:08:38 2021           ;
; Quartus Prime Version           ; 18.1.0 Build 625 09/12/2018 SJ Standard Edition ;
; Revision Name                   ; DE10_Standard                                   ;
; Top-level Entity Name           ; DE10DAQ_TOP                                     ;
; Family                          ; Cyclone V                                       ;
; Device                          ; 5CSXFC6D6F31C6                                  ;
; Timing Models                   ; Final                                           ;
; Logic utilization (in ALMs)     ; 4,805 / 41,910 ( 11 % )                         ;
; Total registers                 ; 7660                                            ;
; Total pins                      ; 283 / 499 ( 57 % )                              ;
; Total virtual pins              ; 0                                               ;
; Total block memory bits         ; 751,872 / 5,662,720 ( 13 % )                    ;
; Total DSP Blocks                ; 0 / 112 ( 0 % )                                 ;
; Total HSSI RX PCSs              ; 0 / 9 ( 0 % )                                   ;
; Total HSSI PMA RX Deserializers ; 0 / 9 ( 0 % )                                   ;
; Total HSSI TX PCSs              ; 0 / 9 ( 0 % )                                   ;
; Total HSSI PMA TX Serializers   ; 0 / 9 ( 0 % )                                   ;
; Total PLLs                      ; 0 / 15 ( 0 % )                                  ;
; Total DLLs                      ; 1 / 4 ( 25 % )                                  ;
+---------------------------------+-------------------------------------------------+


+-----------------------------------------+
; Flow Settings                           ;
+-------------------+---------------------+
; Option            ; Setting             ;
+-------------------+---------------------+
; Start date & time ; 05/31/2021 07:58:05 ;
; Main task         ; Compilation         ;
; Revision Name     ; DE10_Standard       ;
+-------------------+---------------------+


+------------------------------------------------------------------------------------------------------------------------------------------------------------------------------------+
; Flow Non-Default Global Settings                                                                                                                                                   ;
+---------------------------------------+--------------------------------------------------------------------------+---------------+--------------------------------+----------------+
; Assignment Name                       ; Value                                                                    ; Default Value ; Entity Name                    ; Section Id     ;
+---------------------------------------+--------------------------------------------------------------------------+---------------+--------------------------------+----------------+
; COMPILER_SIGNATURE_ID                 ; 1095871833597.162244068022368                                            ; --            ; --                             ; --             ;
; ECO_REGENERATE_REPORT                 ; On                                                                       ; Off           ; --                             ; --             ;
; EDA_OUTPUT_DATA_FORMAT                ; Vhdl                                                                     ; --            ; --                             ; eda_simulation ;
; EDA_SIMULATION_TOOL                   ; ModelSim-Altera (VHDL)                                                   ; <None>        ; --                             ; --             ;
; FITTER_EFFORT                         ; Standard Fit                                                             ; Auto Fit      ; --                             ; --             ;
; HPS_ISW_FILE                          ; soc_system/synthesis/submodules/sequencer/alt_types.pre.h                ; --            ; soc_system_hps_0_hps_io_border ; --             ;
; HPS_ISW_FILE                          ; soc_system/synthesis/submodules/sequencer/emif.pre.xml                   ; --            ; soc_system_hps_0_hps_io_border ; --             ;
; HPS_ISW_FILE                          ; soc_system/synthesis/submodules/sequencer/sdram_io.pre.h                 ; --            ; soc_system_hps_0_hps_io_border ; --             ;
; HPS_ISW_FILE                          ; soc_system/synthesis/submodules/sequencer/sequencer.pre.c                ; --            ; soc_system_hps_0_hps_io_border ; --             ;
; HPS_ISW_FILE                          ; soc_system/synthesis/submodules/sequencer/sequencer.pre.h                ; --            ; soc_system_hps_0_hps_io_border ; --             ;
; HPS_ISW_FILE                          ; soc_system/synthesis/submodules/sequencer/sequencer_auto.pre.h           ; --            ; soc_system_hps_0_hps_io_border ; --             ;
; HPS_ISW_FILE                          ; soc_system/synthesis/submodules/sequencer/sequencer_auto_ac_init.pre.c   ; --            ; soc_system_hps_0_hps_io_border ; --             ;
; HPS_ISW_FILE                          ; soc_system/synthesis/submodules/sequencer/sequencer_auto_inst_init.pre.c ; --            ; soc_system_hps_0_hps_io_border ; --             ;
; HPS_ISW_FILE                          ; soc_system/synthesis/submodules/sequencer/sequencer_defines.pre.h        ; --            ; soc_system_hps_0_hps_io_border ; --             ;
; HPS_ISW_FILE                          ; soc_system/synthesis/submodules/sequencer/system.pre.h                   ; --            ; soc_system_hps_0_hps_io_border ; --             ;
; HPS_ISW_FILE                          ; soc_system/synthesis/submodules/sequencer/tclrpt.pre.c                   ; --            ; soc_system_hps_0_hps_io_border ; --             ;
; HPS_ISW_FILE                          ; soc_system/synthesis/submodules/sequencer/tclrpt.pre.h                   ; --            ; soc_system_hps_0_hps_io_border ; --             ;
; HPS_ISW_FILE                          ; soc_system/synthesis/submodules/hps.pre.xml                              ; --            ; soc_system_hps_0_hps_io_border ; --             ;
; HPS_PARTITION                         ; On                                                                       ; --            ; soc_system_hps_0_hps_io_border ; --             ;
; MAX_CORE_JUNCTION_TEMP                ; 85                                                                       ; --            ; --                             ; --             ;
; MIN_CORE_JUNCTION_TEMP                ; 0                                                                        ; --            ; --                             ; --             ;
; MISC_FILE                             ; soc_system/synthesis/../soc_system.cmp                                   ; --            ; --                             ; --             ;
; MISC_FILE                             ; soc_system/synthesis/../../C                                             ; --            ; --                             ; --             ;
; MISC_FILE                             ; soc_system/synthesis/soc_system_hps_0_hps.svd                            ; --            ; --                             ; --             ;
; MISC_FILE                             ; soc_system/synthesis/../../soc_system.qsys                               ; --            ; --                             ; --             ;
; MISC_FILE                             ; soc_system/synthesis/submodules/sequencer/alt_types.pre.h                ; --            ; --                             ; --             ;
; MISC_FILE                             ; soc_system/synthesis/submodules/sequencer/emif.pre.xml                   ; --            ; --                             ; --             ;
; MISC_FILE                             ; soc_system/synthesis/submodules/sequencer/sdram_io.pre.h                 ; --            ; --                             ; --             ;
; MISC_FILE                             ; soc_system/synthesis/submodules/sequencer/sequencer.pre.c                ; --            ; --                             ; --             ;
; MISC_FILE                             ; soc_system/synthesis/submodules/sequencer/sequencer.pre.h                ; --            ; --                             ; --             ;
; MISC_FILE                             ; soc_system/synthesis/submodules/sequencer/sequencer_auto.pre.h           ; --            ; --                             ; --             ;
; MISC_FILE                             ; soc_system/synthesis/submodules/sequencer/sequencer_auto_ac_init.pre.c   ; --            ; --                             ; --             ;
; MISC_FILE                             ; soc_system/synthesis/submodules/sequencer/sequencer_auto_inst_init.pre.c ; --            ; --                             ; --             ;
; MISC_FILE                             ; soc_system/synthesis/submodules/sequencer/sequencer_defines.pre.h        ; --            ; --                             ; --             ;
; MISC_FILE                             ; soc_system/synthesis/submodules/sequencer/system.pre.h                   ; --            ; --                             ; --             ;
; MISC_FILE                             ; soc_system/synthesis/submodules/sequencer/tclrpt.pre.c                   ; --            ; --                             ; --             ;
; MISC_FILE                             ; soc_system/synthesis/submodules/sequencer/tclrpt.pre.h                   ; --            ; --                             ; --             ;
; MISC_FILE                             ; soc_system/synthesis/submodules/hps.pre.xml                              ; --            ; --                             ; --             ;
; MISC_FILE                             ; ADC_controller_IP/synthesis/../ADC_controller_IP.cmp                     ; --            ; --                             ; --             ;
; MISC_FILE                             ; ADC_controller_IP/synthesis/../../ADC_controller_IP.qsys                 ; --            ; --                             ; --             ;
; MISC_FILE                             ; src/EventFifo.cmp                                                        ; --            ; --                             ; --             ;
; MISC_FILE                             ; src/CommandFifo.cmp                                                      ; --            ; --                             ; --             ;
; MUX_RESTRUCTURE                       ; Off                                                                      ; Auto          ; --                             ; --             ;
; NUM_PARALLEL_PROCESSORS               ; All                                                                      ; --            ; --                             ; --             ;
; OPTIMIZATION_MODE                     ; Aggressive Performance                                                   ; Balanced      ; --                             ; --             ;
; OPTIMIZATION_TECHNIQUE                ; Speed                                                                    ; Balanced      ; --                             ; --             ;
; PARTITION_COLOR                       ; -- (Not supported for targeted family)                                   ; --            ; DE10DAQ_TOP                    ; Top            ;
; PARTITION_FITTER_PRESERVATION_LEVEL   ; -- (Not supported for targeted family)                                   ; --            ; DE10DAQ_TOP                    ; Top            ;
; PARTITION_NETLIST_TYPE                ; -- (Not supported for targeted family)                                   ; --            ; DE10DAQ_TOP                    ; Top            ;
; PHYSICAL_SYNTHESIS_COMBO_LOGIC        ; On                                                                       ; Off           ; --                             ; --             ;
; PHYSICAL_SYNTHESIS_REGISTER_RETIMING  ; On                                                                       ; Off           ; --                             ; --             ;
; PLACEMENT_EFFORT_MULTIPLIER           ; 4.0                                                                      ; 1.0           ; --                             ; --             ;
; POWER_BOARD_THERMAL_MODEL             ; None (CONSERVATIVE)                                                      ; --            ; --                             ; --             ;
; POWER_HPS_ENABLE                      ; On                                                                       ; Off           ; --                             ; --             ;
; POWER_HPS_PROC_FREQ                   ; 800.000000                                                               ; 0.0           ; --                             ; --             ;
; POWER_PRESET_COOLING_SOLUTION         ; 23 MM HEAT SINK WITH 200 LFPM AIRFLOW                                    ; --            ; --                             ; --             ;
; PROJECT_OUTPUT_DIRECTORY              ; output_files                                                             ; --            ; --                             ; --             ;
; ROUTER_TIMING_OPTIMIZATION_LEVEL      ; MAXIMUM                                                                  ; Normal        ; --                             ; --             ;
; SLD_FILE                              ; soc_system/synthesis/soc_system.regmap                                   ; --            ; --                             ; --             ;
; SLD_FILE                              ; soc_system/synthesis/soc_system.debuginfo                                ; --            ; --                             ; --             ;
; SLD_FILE                              ; ADC_controller_IP/synthesis/ADC_controller_IP.debuginfo                  ; --            ; --                             ; --             ;
; SLD_INFO                              ; QSYS_NAME ADC_controller_IP HAS_SOPCINFO 1 GENERATION_ID 1622093591      ; --            ; ADC_controller_IP              ; --             ;
; SLD_INFO                              ; QSYS_NAME soc_system HAS_SOPCINFO 1 GENERATION_ID 1622095866             ; --            ; soc_system                     ; --             ;
; SMART_RECOMPILE                       ; On                                                                       ; Off           ; --                             ; --             ;
; SOPCINFO_FILE                         ; soc_system/synthesis/../../soc_system.sopcinfo                           ; --            ; --                             ; --             ;
; SOPCINFO_FILE                         ; ADC_controller_IP/synthesis/../../ADC_controller_IP.sopcinfo             ; --            ; --                             ; --             ;
; SYNTHESIS_ONLY_QIP                    ; On                                                                       ; --            ; --                             ; --             ;
; SYNTHESIS_ONLY_QIP                    ; On                                                                       ; --            ; --                             ; --             ;
; TOP_LEVEL_ENTITY                      ; DE10DAQ_TOP                                                              ; DE10_Standard ; --                             ; --             ;
; USE_DLL_FREQUENCY_FOR_DQS_DELAY_CHAIN ; On                                                                       ; Off           ; --                             ; --             ;
; VHDL_SHOW_LMF_MAPPING_MESSAGES        ; Off                                                                      ; --            ; --                             ; --             ;
+---------------------------------------+--------------------------------------------------------------------------+---------------+--------------------------------+----------------+


+--------------------------------------------------------------------------------------------------------------------------+
; Flow Elapsed Time                                                                                                        ;
+----------------------+--------------+-------------------------+---------------------+------------------------------------+
; Module Name          ; Elapsed Time ; Average Processors Used ; Peak Virtual Memory ; Total CPU Time (on all processors) ;
+----------------------+--------------+-------------------------+---------------------+------------------------------------+
; Analysis & Synthesis ; 00:01:52     ; 2.3                     ; 5377 MB             ; 00:03:49                           ;
; Fitter               ; 00:04:30     ; 1.3                     ; 8369 MB             ; 00:14:40                           ;
; Assembler            ; 00:00:16     ; 1.0                     ; 4995 MB             ; 00:00:15                           ;
; Timing Analyzer      ; 00:00:54     ; 1.8                     ; 5858 MB             ; 00:01:25                           ;
; EDA Netlist Writer   ; 00:00:11     ; 1.0                     ; 4983 MB             ; 00:00:09                           ;
; Total                ; 00:07:43     ; --                      ; --                  ; 00:20:18                           ;
+----------------------+--------------+-------------------------+---------------------+------------------------------------+


+------------------------------------------------------------------------------------+
; Flow OS Summary                                                                    ;
+----------------------+------------------+------------+------------+----------------+
; Module Name          ; Machine Hostname ; OS Name    ; OS Version ; Processor type ;
+----------------------+------------------+------------+------------+----------------+
; Analysis & Synthesis ; PCVILLA2         ; Windows 10 ; 10.0       ; x86_64         ;
; Fitter               ; PCVILLA2         ; Windows 10 ; 10.0       ; x86_64         ;
; Assembler            ; PCVILLA2         ; Windows 10 ; 10.0       ; x86_64         ;
; Timing Analyzer      ; PCVILLA2         ; Windows 10 ; 10.0       ; x86_64         ;
; EDA Netlist Writer   ; PCVILLA2         ; Windows 10 ; 10.0       ; x86_64         ;
+----------------------+------------------+------------+------------+----------------+


------------
; Flow Log ;
------------
quartus_map --read_settings_files=on --write_settings_files=off DE10_Standard -c DE10_Standard
quartus_fit --read_settings_files=off --write_settings_files=off DE10_Standard -c DE10_Standard
quartus_asm --read_settings_files=off --write_settings_files=off DE10_Standard -c DE10_Standard
quartus_sta DE10_Standard -c DE10_Standard
quartus_eda --read_settings_files=off --write_settings_files=off DE10_Standard -c DE10_Standard



